<?xml version="1.0" encoding="UTF-8"?>
<!-- Generated by org.testng.reporters.JUnitReportReporter -->
<testsuite hostname="JBARBARAN" name="ariba.earchive.framework.tests.LoginBRA" tests="1" failures="0" timestamp="23 Oct 2013 22:32:27 GMT" time="21.737" errors="0">
  <testcase name="LoginUserBrasilOk" time="21.737" classname="ariba.earchive.framework.tests.LoginBRA"/>
</testsuite> <!-- ariba.earchive.framework.tests.LoginBRA -->
