<?xml version="1.0" encoding="UTF-8"?>
<!-- Generated by org.testng.reporters.JUnitReportReporter -->
<testsuite hostname="JBARBARAN" name="ariba.earchive.framework.tests.WBSearchByCountrySupplier" tests="1" failures="0" timestamp="23 Oct 2013 22:32:27 GMT" time="51.817" errors="0">
  <testcase name="searhByCountrySupplier" time="51.817" classname="ariba.earchive.framework.tests.WBSearchByCountrySupplier"/>
</testsuite> <!-- ariba.earchive.framework.tests.WBSearchByCountrySupplier -->
