<?xml version="1.0" encoding="UTF-8"?>
<!-- Generated by org.testng.reporters.JUnitReportReporter -->
<testsuite hostname="JBARBARAN" name="ariba.earchive.framework.tests.LoginEUR" tests="1" failures="0" timestamp="23 Oct 2013 22:32:27 GMT" time="14.346" errors="0">
  <testcase name="LoginUserEuropeOK" time="14.346" classname="ariba.earchive.framework.tests.LoginEUR"/>
</testsuite> <!-- ariba.earchive.framework.tests.LoginEUR -->
